<?xml version="1.0" encoding="UTF-8"?><testsuite errors="1" failures="0" name="Login into the Gmail application" skipped="0" tests="1" time="21.57" timestamp="2018-03-80 10:31:19"><testcase name="Login with valid credentials"><error message="Could not instantiate new WebDriver instance of type class org.openqa.selenium.firefox.FirefoxDriver (java.net.ConnectException: Failed to connect to localhost/0:0:0:0:0:0:0:1:38756&#10;Build info: version: '3.10.0', revision: '176b4a9', time: '2018-03-02T19:03:16.397Z'&#10;System info: host: 'RLC0068', ip: '192.168.1.3', os.name: 'Windows 8.1', os.arch: 'amd64', os.version: '6.3', java.version: '1.8.0_161'&#10;Driver info: driver.version: FirefoxDriver" type="net.thucydides.core.webdriver.UnsupportedDriverException">Could not instantiate new WebDriver instance of type class org.openqa.selenium.firefox.FirefoxDriver (java.net.ConnectException: Failed to connect to localhost/0:0:0:0:0:0:0:1:38756
Build info: version: '3.10.0', revision: '176b4a9', time: '2018-03-02T19:03:16.397Z'
System info: host: 'RLC0068', ip: '192.168.1.3', os.name: 'Windows 8.1', os.arch: 'amd64', os.version: '6.3', java.version: '1.8.0_161'
Driver info: driver.version: FirefoxDriver</error><system-err>Could not instantiate new WebDriver instance of type class org.openqa.selenium.firefox.FirefoxDriver (java.net.ConnectException: Failed to connect to localhost/0:0:0:0:0:0:0:1:38756
Build info: version: '3.10.0', revision: '176b4a9', time: '2018-03-02T19:03:16.397Z'
System info: host: 'RLC0068', ip: '192.168.1.3', os.name: 'Windows 8.1', os.arch: 'amd64', os.version: '6.3', java.version: '1.8.0_161'
Driver info: driver.version: FirefoxDriver&#13;
com.pages.Login1.LoginToApp(Login1.java:31)&#13;
com.stepdefination.login.user_enters_the_username_and_password(login.java:53)&#13;
com.stepdefination.Stepclass.user_enters_the_username_and_password(Stepclass.java:31)&#13;
cucumber.runner.Runner.runPickle(Runner.java:80)&#13;
</system-err></testcase></testsuite>